[debug] [2021-04-04T06:14:23.922Z] ----------------------------------------------------------------------
[debug] [2021-04-04T06:14:23.923Z] Command:       C:\Program Files\nodejs\node.exe C:\Users\Mon\AppData\Roaming\npm\node_modules\firebase-tools\lib\bin\firebase.js init
[debug] [2021-04-04T06:14:23.924Z] CLI Version:   9.8.0
[debug] [2021-04-04T06:14:23.924Z] Platform:      win32
[debug] [2021-04-04T06:14:23.924Z] Node Version:  v14.15.1
[debug] [2021-04-04T06:14:23.925Z] Time:          Sun Apr 04 2021 13:14:23 GMT+0700 (Indochina Time)
[debug] [2021-04-04T06:14:23.925Z] ----------------------------------------------------------------------
[debug] 
[debug] [2021-04-04T06:14:23.930Z] > command requires scopes: ["email","openid","https://www.googleapis.com/auth/cloudplatformprojects.readonly","https://www.googleapis.com/auth/firebase","https://www.googleapis.com/auth/cloud-platform"]
[debug] [2021-04-04T06:14:23.931Z] > authorizing via signed-in user
[info] 
     ######## #### ########  ######## ########     ###     ######  ########
     ##        ##  ##     ## ##       ##     ##  ##   ##  ##       ##
     ######    ##  ########  ######   ########  #########  ######  ######
     ##        ##  ##    ##  ##       ##     ## ##     ##       ## ##
     ##       #### ##     ## ######## ########  ##     ##  ######  ########

You're about to initialize a Firebase project in this directory:

  F:\Projects\Github\a-or-b

[info] 
=== Project Setup
[info] 
[info] First, let's associate this project directory with a Firebase project.
[info] You can create multiple project aliases by running firebase use --add, 
[info] but for now we'll just set up a default project.
[info] 
[debug] [2021-04-04T06:14:32.317Z] >>> [apiv2][query] GET https://firebase.googleapis.com/v1beta1/projects pageSize=100
[debug] [2021-04-04T06:14:32.875Z] <<< [apiv2][status] GET https://firebase.googleapis.com/v1beta1/projects 200
[debug] [2021-04-04T06:14:32.875Z] <<< [apiv2][body] GET https://firebase.googleapis.com/v1beta1/projects [omitted]
[info] i  Using project a-or-b-8c21c (a-or-b) 
[info] 
=== Firestore Setup
[debug] [2021-04-04T06:14:35.029Z] > refreshing access token with scopes: ["email","https://www.googleapis.com/auth/cloud-platform","https://www.googleapis.com/auth/cloudplatformprojects.readonly","https://www.googleapis.com/auth/firebase","openid"]
[debug] [2021-04-04T06:14:35.030Z] >>> HTTP REQUEST POST https://www.googleapis.com/oauth2/v3/token  
 <request body omitted>
[debug] [2021-04-04T06:14:35.155Z] <<< HTTP RESPONSE 200 {"date":"Sun, 04 Apr 2021 06:14:37 GMT","pragma":"no-cache","expires":"Mon, 01 Jan 1990 00:00:00 GMT","cache-control":"no-cache, no-store, max-age=0, must-revalidate","content-type":"application/json; charset=utf-8","vary":"X-Origin, Referer, Origin,Accept-Encoding","server":"scaffolding on HTTPServer2","x-xss-protection":"0","x-frame-options":"SAMEORIGIN","x-content-type-options":"nosniff","alt-svc":"h3-29=\":443\"; ma=2592000,h3-T051=\":443\"; ma=2592000,h3-Q050=\":443\"; ma=2592000,h3-Q046=\":443\"; ma=2592000,h3-Q043=\":443\"; ma=2592000,quic=\":443\"; ma=2592000; v=\"46,43\"","accept-ranges":"none","transfer-encoding":"chunked"}
[debug] [2021-04-04T06:14:35.158Z] >>> HTTP REQUEST GET https://serviceusage.googleapis.com/v1/projects/a-or-b-8c21c/services/firestore.googleapis.com  
 
[debug] [2021-04-04T06:14:36.621Z] <<< HTTP RESPONSE 200 {"content-type":"application/json; charset=UTF-8","vary":"X-Origin, Referer, Origin,Accept-Encoding","date":"Sun, 04 Apr 2021 06:14:39 GMT","server":"ESF","cache-control":"private","x-xss-protection":"0","x-frame-options":"SAMEORIGIN","x-content-type-options":"nosniff","alt-svc":"h3-29=\":443\"; ma=2592000,h3-T051=\":443\"; ma=2592000,h3-Q050=\":443\"; ma=2592000,h3-Q046=\":443\"; ma=2592000,h3-Q043=\":443\"; ma=2592000,quic=\":443\"; ma=2592000; v=\"46,43\"","accept-ranges":"none","transfer-encoding":"chunked"}
[debug] [2021-04-04T06:14:36.621Z] >>> HTTP REQUEST GET https://appengine.googleapis.com/v1/apps/a-or-b-8c21c  
 
[debug] [2021-04-04T06:14:37.006Z] <<< HTTP RESPONSE 200 {"content-type":"application/json; charset=UTF-8","vary":"X-Origin, Referer, Origin,Accept-Encoding","date":"Sun, 04 Apr 2021 06:14:39 GMT","server":"ESF","cache-control":"private","x-xss-protection":"0","x-frame-options":"SAMEORIGIN","x-content-type-options":"nosniff","alt-svc":"h3-29=\":443\"; ma=2592000,h3-T051=\":443\"; ma=2592000,h3-Q050=\":443\"; ma=2592000,h3-Q046=\":443\"; ma=2592000,h3-Q043=\":443\"; ma=2592000,quic=\":443\"; ma=2592000; v=\"46,43\"","accept-ranges":"none","transfer-encoding":"chunked"}
[debug] [2021-04-04T06:14:37.007Z] database_type: CLOUD_FIRESTORE
[debug] [2021-04-04T06:14:37.007Z] > command requires scopes: ["email","openid","https://www.googleapis.com/auth/cloudplatformprojects.readonly","https://www.googleapis.com/auth/firebase","https://www.googleapis.com/auth/cloud-platform"]
[debug] [2021-04-04T06:14:37.007Z] > authorizing via signed-in user
[debug] [2021-04-04T06:14:37.007Z] [iam] checking project a-or-b-8c21c for permissions ["firebase.projects.get"]
[debug] [2021-04-04T06:14:37.008Z] >>> HTTP REQUEST POST https://cloudresourcemanager.googleapis.com/v1/projects/a-or-b-8c21c:testIamPermissions  
 {"permissions":["firebase.projects.get"]}
[debug] [2021-04-04T06:14:38.156Z] <<< HTTP RESPONSE 200 {"content-type":"application/json; charset=UTF-8","vary":"X-Origin, Referer, Origin,Accept-Encoding","date":"Sun, 04 Apr 2021 06:14:40 GMT","server":"ESF","cache-control":"private","x-xss-protection":"0","x-frame-options":"SAMEORIGIN","x-content-type-options":"nosniff","server-timing":"gfet4t7; dur=1036","alt-svc":"h3-29=\":443\"; ma=2592000,h3-T051=\":443\"; ma=2592000,h3-Q050=\":443\"; ma=2592000,h3-Q046=\":443\"; ma=2592000,h3-Q043=\":443\"; ma=2592000,quic=\":443\"; ma=2592000; v=\"46,43\"","accept-ranges":"none","transfer-encoding":"chunked"}
[info] 
[info] Firestore Security Rules allow you to define how and when to allow
[info] requests. You can keep these rules in your project directory
[info] and publish them with firebase deploy.
[info] 
[debug] [2021-04-04T06:15:26.079Z] >>> HTTP REQUEST GET https://firebaserules.googleapis.com/v1/projects/a-or-b-8c21c/releases?pageSize=10&pageToken=  
 
[debug] [2021-04-04T06:15:27.456Z] <<< HTTP RESPONSE 200 {"content-type":"application/json; charset=UTF-8","vary":"X-Origin, Referer, Origin,Accept-Encoding","date":"Sun, 04 Apr 2021 06:15:30 GMT","server":"ESF","cache-control":"private","x-xss-protection":"0","x-frame-options":"SAMEORIGIN","x-content-type-options":"nosniff","alt-svc":"h3-29=\":443\"; ma=2592000,h3-T051=\":443\"; ma=2592000,h3-Q050=\":443\"; ma=2592000,h3-Q046=\":443\"; ma=2592000,h3-Q043=\":443\"; ma=2592000,quic=\":443\"; ma=2592000; v=\"46,43\"","accept-ranges":"none","transfer-encoding":"chunked"}
[debug] [2021-04-04T06:15:27.456Z] Found ruleset: projects/a-or-b-8c21c/rulesets/b690ba79-ed56-4dd6-b8f4-589e1e1b41b2
[debug] [2021-04-04T06:15:27.457Z] >>> HTTP REQUEST GET https://firebaserules.googleapis.com/v1/projects/a-or-b-8c21c/rulesets/b690ba79-ed56-4dd6-b8f4-589e1e1b41b2  
 
[debug] [2021-04-04T06:15:28.767Z] <<< HTTP RESPONSE 200 {"content-type":"application/json; charset=UTF-8","vary":"X-Origin, Referer, Origin,Accept-Encoding","date":"Sun, 04 Apr 2021 06:15:31 GMT","server":"ESF","cache-control":"private","x-xss-protection":"0","x-frame-options":"SAMEORIGIN","x-content-type-options":"nosniff","alt-svc":"h3-29=\":443\"; ma=2592000,h3-T051=\":443\"; ma=2592000,h3-Q050=\":443\"; ma=2592000,h3-Q046=\":443\"; ma=2592000,h3-Q043=\":443\"; ma=2592000,quic=\":443\"; ma=2592000; v=\"46,43\"","accept-ranges":"none","transfer-encoding":"chunked"}
[info] 
[info] Firestore indexes allow you to perform complex queries while
[info] maintaining performance that scales with the size of the result
[info] set. You can keep index definitions in your project directory
[info] and publish them with firebase deploy.
[info] 
[debug] [2021-04-04T06:15:34.149Z] >>> HTTP REQUEST GET https://firestore.googleapis.com/v1/projects/a-or-b-8c21c/databases/(default)/collectionGroups/-/indexes  
 
[debug] [2021-04-04T06:15:34.149Z] >>> HTTP REQUEST GET https://firestore.googleapis.com/v1/projects/a-or-b-8c21c/databases/(default)/collectionGroups/-/fields?filter=indexConfig.usesAncestorConfig=false  
 
[debug] [2021-04-04T06:15:34.464Z] <<< HTTP RESPONSE 200 {"content-type":"application/json; charset=UTF-8","vary":"X-Origin, Referer, Origin,Accept-Encoding","date":"Sun, 04 Apr 2021 06:15:37 GMT","server":"ESF","cache-control":"private","x-xss-protection":"0","x-frame-options":"SAMEORIGIN","x-content-type-options":"nosniff","alt-svc":"h3-29=\":443\"; ma=2592000,h3-T051=\":443\"; ma=2592000,h3-Q050=\":443\"; ma=2592000,h3-Q046=\":443\"; ma=2592000,h3-Q043=\":443\"; ma=2592000,quic=\":443\"; ma=2592000; v=\"46,43\"","accept-ranges":"none","transfer-encoding":"chunked"}
[debug] [2021-04-04T06:15:34.483Z] <<< HTTP RESPONSE 200 {"content-type":"application/json; charset=UTF-8","vary":"X-Origin, Referer, Origin,Accept-Encoding","date":"Sun, 04 Apr 2021 06:15:37 GMT","server":"ESF","cache-control":"private","x-xss-protection":"0","x-frame-options":"SAMEORIGIN","x-content-type-options":"nosniff","alt-svc":"h3-29=\":443\"; ma=2592000,h3-T051=\":443\"; ma=2592000,h3-Q050=\":443\"; ma=2592000,h3-Q046=\":443\"; ma=2592000,h3-Q043=\":443\"; ma=2592000,quic=\":443\"; ma=2592000; v=\"46,43\"","accept-ranges":"none","transfer-encoding":"chunked"}
[info] 
=== Functions Setup
[info] 
[info] A functions directory will be created in your project with a Node.js
[info] package pre-configured. Functions can be deployed with firebase deploy.
[info] 
[debug] [2021-04-04T06:15:34.486Z] > command requires scopes: ["email","openid","https://www.googleapis.com/auth/cloudplatformprojects.readonly","https://www.googleapis.com/auth/firebase","https://www.googleapis.com/auth/cloud-platform"]
[debug] [2021-04-04T06:15:34.486Z] > authorizing via signed-in user
[debug] [2021-04-04T06:15:34.486Z] [iam] checking project a-or-b-8c21c for permissions ["firebase.projects.get"]
[debug] [2021-04-04T06:15:34.486Z] >>> HTTP REQUEST POST https://cloudresourcemanager.googleapis.com/v1/projects/a-or-b-8c21c:testIamPermissions  
 {"permissions":["firebase.projects.get"]}
[debug] [2021-04-04T06:15:35.711Z] <<< HTTP RESPONSE 200 {"content-type":"application/json; charset=UTF-8","vary":"X-Origin, Referer, Origin,Accept-Encoding","date":"Sun, 04 Apr 2021 06:15:38 GMT","server":"ESF","cache-control":"private","x-xss-protection":"0","x-frame-options":"SAMEORIGIN","x-content-type-options":"nosniff","server-timing":"gfet4t7; dur=1105","alt-svc":"h3-29=\":443\"; ma=2592000,h3-T051=\":443\"; ma=2592000,h3-Q050=\":443\"; ma=2592000,h3-Q046=\":443\"; ma=2592000,h3-Q043=\":443\"; ma=2592000,quic=\":443\"; ma=2592000; v=\"46,43\"","accept-ranges":"none","transfer-encoding":"chunked"}
[debug] [2021-04-04T06:15:35.711Z] >>> HTTP REQUEST POST https://serviceusage.googleapis.com/v1/projects/a-or-b-8c21c/services/cloudfunctions.googleapis.com:enable  
 
[debug] [2021-04-04T06:15:35.711Z] >>> HTTP REQUEST POST https://serviceusage.googleapis.com/v1/projects/a-or-b-8c21c/services/runtimeconfig.googleapis.com:enable  
 
[debug] [2021-04-04T06:15:37.097Z] <<< HTTP RESPONSE 200 {"content-type":"application/json; charset=UTF-8","vary":"X-Origin, Referer, Origin,Accept-Encoding","date":"Sun, 04 Apr 2021 06:15:39 GMT","server":"ESF","cache-control":"private","x-xss-protection":"0","x-frame-options":"SAMEORIGIN","x-content-type-options":"nosniff","alt-svc":"h3-29=\":443\"; ma=2592000,h3-T051=\":443\"; ma=2592000,h3-Q050=\":443\"; ma=2592000,h3-Q046=\":443\"; ma=2592000,h3-Q043=\":443\"; ma=2592000,quic=\":443\"; ma=2592000; v=\"46,43\"","accept-ranges":"none","transfer-encoding":"chunked"}
[debug] [2021-04-04T06:15:37.538Z] <<< HTTP RESPONSE 200 {"content-type":"application/json; charset=UTF-8","vary":"X-Origin, Referer, Origin,Accept-Encoding","date":"Sun, 04 Apr 2021 06:15:40 GMT","server":"ESF","cache-control":"private","x-xss-protection":"0","x-frame-options":"SAMEORIGIN","x-content-type-options":"nosniff","alt-svc":"h3-29=\":443\"; ma=2592000,h3-T051=\":443\"; ma=2592000,h3-Q050=\":443\"; ma=2592000,h3-Q046=\":443\"; ma=2592000,h3-Q043=\":443\"; ma=2592000,quic=\":443\"; ma=2592000; v=\"46,43\"","accept-ranges":"none","transfer-encoding":"chunked"}
[info] +  Wrote functions/package.json 
[info] +  Wrote functions/.eslintrc.js 
[info] +  Wrote functions/tsconfig.json 
[info] +  Wrote functions/tsconfig.dev.json 
[info] +  Wrote functions/src/index.ts 
[info] +  Wrote functions/.gitignore 
[info] 
=== Hosting Setup
[info] 
[info] Your public directory is the folder (relative to your project directory) that
[info] will contain Hosting assets to be uploaded with firebase deploy. If you
[info] have a build process for your assets, use your build's output directory.
[info] 
[debug] [2021-04-04T06:24:23.678Z] >>> [apiv2][query] GET https://www.gstatic.com/firebasejs/releases.json [none]
[debug] [2021-04-04T06:24:23.779Z] <<< [apiv2][status] GET https://www.gstatic.com/firebasejs/releases.json 200
[debug] [2021-04-04T06:24:23.779Z] <<< [apiv2][body] GET https://www.gstatic.com/firebasejs/releases.json {"current":{"version":"8.3.2","browserURL":"https://www.gstatic.com/firebasejs/8.3.2/firebase.js","packageURL":"https://www.gstatic.com/firebasejs/8.3.2/firebase.tgz"},"live":{"version":"8.3","browserURL":"https://www.gstatic.com/firebasejs/live/8.3/firebase.js","packageURL":"https://www.gstatic.com/firebasejs/live/8.3/firebase.tgz"},"components":{"analytics":"https://www.gstatic.com/firebasejs/8.3.2/firebase-analytics.js","app":"https://www.gstatic.com/firebasejs/8.3.2/firebase-app.js","auth":"https://www.gstatic.com/firebasejs/8.3.2/firebase-auth.js","database":"https://www.gstatic.com/firebasejs/8.3.2/firebase-database.js","firestore":"https://www.gstatic.com/firebasejs/8.3.2/firebase-firestore.js","functions":"https://www.gstatic.com/firebasejs/8.3.2/firebase-functions.js","installations":"https://www.gstatic.com/firebasejs/8.3.2/firebase-installations.js","messaging":"https://www.gstatic.com/firebasejs/8.3.2/firebase-messaging.js","storage":"https://www.gstatic.com/firebasejs/8.3.2/firebase-storage.js","performance":"https://www.gstatic.com/firebasejs/8.3.2/firebase-performance.js","remote-config":"https://www.gstatic.com/firebasejs/8.3.2/firebase-remote-config.js","firestore.memory":"https://www.gstatic.com/firebasejs/8.3.2/firebase-firestore.memory.js"}}
[info] i  Skipping write of build/index.html 
[info] 
[info] i  Detected a .git folder at F:\Projects\Github\a-or-b 
[info] i  Authorizing with GitHub to upload your service account to a GitHub repository's secrets store. 
[info] 
[info] Visit this URL on this device to log in:
[info] https://github.com/login/oauth/authorize?client_id=89cf50f02ac6aaed3484&state=780117718&redirect_uri=http%3A%2F%2Flocalhost%3A9005&scope=read%3Auser%20repo%20public_repo
[info] 
[info] Waiting for authentication...
[debug] [2021-04-04T06:24:53.654Z] >>> HTTP REQUEST POST https://github.com/login/oauth/access_token  
 {"client_id":"89cf50f02ac6aaed3484","client_secret":"3330d14abc895d9a74d5f17cd7a00711fa2c5bf0","code":"cf1fca692a8b7c9994ac","redirect_uri":"http://localhost:9005","state":"780117718"}
[debug] [2021-04-04T06:24:54.039Z] <<< HTTP RESPONSE 200 {"server":"GitHub.com","date":"Sun, 04 Apr 2021 06:24:53 GMT","content-type":"application/json; charset=utf-8","transfer-encoding":"chunked","vary":"X-PJAX, Accept-Encoding, Accept, X-Requested-With","etag":"W/\"06ca4fd411fd3cf3315a7832d191e2b5\"","cache-control":"max-age=0, private, must-revalidate","strict-transport-security":"max-age=31536000; includeSubdomains; preload","x-frame-options":"deny","x-content-type-options":"nosniff","x-xss-protection":"0","referrer-policy":"origin-when-cross-origin, strict-origin-when-cross-origin","expect-ct":"max-age=2592000, report-uri=\"https://api.github.com/_private/browser/errors\"","content-security-policy":"default-src 'none'; base-uri 'self'; block-all-mixed-content; connect-src 'self' uploads.github.com www.githubstatus.com collector.githubapp.com api.github.com github-cloud.s3.amazonaws.com github-production-repository-file-5c1aeb.s3.amazonaws.com github-production-upload-manifest-file-7fdce7.s3.amazonaws.com github-production-user-asset-6210df.s3.amazonaws.com cdn.optimizely.com logx.optimizely.com/v1/events wss://alive.github.com; font-src github.githubassets.com; form-action 'self' github.com gist.github.com; frame-ancestors 'none'; frame-src render.githubusercontent.com; img-src 'self' data: github.githubassets.com identicons.github.com collector.githubapp.com github-cloud.s3.amazonaws.com secured-user-images.githubusercontent.com/ *.githubusercontent.com; manifest-src 'self'; media-src 'none'; script-src github.githubassets.com; style-src 'unsafe-inline' github.githubassets.com; worker-src github.com/socket-worker-3f088aa2.js gist.github.com/socket-worker-3f088aa2.js","x-github-request-id":"F326:743D:1661768:1772F21:60695BB5"}
[debug] [2021-04-04T06:24:54.043Z] >>> [apiv2][query] GET https://api.github.com/user [none]
[debug] [2021-04-04T06:24:54.455Z] <<< [apiv2][status] GET https://api.github.com/user 200
[debug] [2021-04-04T06:24:54.455Z] <<< [apiv2][body] GET https://api.github.com/user {"login":"pestobaimon","id":43135441,"node_id":"MDQ6VXNlcjQzMTM1NDQx","avatar_url":"https://avatars.githubusercontent.com/u/43135441?v=4","gravatar_id":"","url":"https://api.github.com/users/pestobaimon","html_url":"https://github.com/pestobaimon","followers_url":"https://api.github.com/users/pestobaimon/followers","following_url":"https://api.github.com/users/pestobaimon/following{/other_user}","gists_url":"https://api.github.com/users/pestobaimon/gists{/gist_id}","starred_url":"https://api.github.com/users/pestobaimon/starred{/owner}{/repo}","subscriptions_url":"https://api.github.com/users/pestobaimon/subscriptions","organizations_url":"https://api.github.com/users/pestobaimon/orgs","repos_url":"https://api.github.com/users/pestobaimon/repos","events_url":"https://api.github.com/users/pestobaimon/events{/privacy}","received_events_url":"https://api.github.com/users/pestobaimon/received_events","type":"User","site_admin":false,"name":"ktsmon","company":null,"blog":"","location":"Thailand","email":null,"hireable":true,"bio":null,"twitter_username":null,"public_repos":21,"public_gists":0,"followers":3,"following":0,"created_at":"2018-09-10T10:01:18Z","updated_at":"2021-04-04T06:24:47Z","private_gists":0,"total_private_repos":10,"owned_private_repos":10,"disk_usage":249420,"collaborators":3,"two_factor_authentication":false,"plan":{"name":"pro","space":976562499,"collaborators":0,"private_repos":9999}}
[info] 
[info] +  Success! Logged into GitHub as pestobaimon 
[info] 
